<?xml version="1.0" encoding="UTF-8"?>
<!-- Generated by org.testng.reporters.JUnitReportReporter -->
<testsuite hostname="DESKTOP-7UJB05T" name="seleniumframework_oct.LoginTest" tests="1" failures="1" timestamp="20 Nov 2019 11:24:03 GMT" time="16.249" errors="0">
  <testcase name="setUp" time="16.249" classname="seleniumframework_oct.LoginTest">
    <failure type="org.openqa.selenium.SessionNotCreatedException" message="session not created
from chrome not reachable
  (Session info: chrome=77.0.3865.90)
Build info: version: &#039;3.10.0&#039;, revision: &#039;176b4a9&#039;, time: &#039;2018-03-02T19:03:16.397Z&#039;
System info: host: &#039;DESKTOP-7UJB05T&#039;, ip: &#039;192.168.146.1&#039;, os.name: &#039;Windows 10&#039;, os.arch: &#039;amd64&#039;, os.version: &#039;10.0&#039;, java.version: &#039;1.8.0_101&#039;
Driver info: driver.version: ChromeDriver
remote stacktrace: Backtrace:
	Ordinal0 [0x0034EB13+1501971]
	Ordinal0 [0x002CF6D1+980689]
	Ordinal0 [0x00257508+488712]
	Ordinal0 [0x0025131A+463642]
	Ordinal0 [0x002519C8+465352]
	Ordinal0 [0x00252AA5+469669]
	Ordinal0 [0x0024EC85+453765]
	Ordinal0 [0x00258330+492336]
	Ordinal0 [0x0020A108+172296]
	Ordinal0 [0x0020942D+169005]
	Ordinal0 [0x002078EB+162027]
	Ordinal0 [0x001F0AC7+68295]
	Ordinal0 [0x001F1B40+72512]
	Ordinal0 [0x001F1AD9+72409]
	Ordinal0 [0x002E8F37+1085239]
	GetHandleVerifier [0x003ED7ED+503293]
	GetHandleVerifier [0x003ED580+502672]
	GetHandleVerifier [0x003F46AC+531644]
	GetHandleVerifier [0x003EDFFA+505354]
	Ordinal0 [0x002E0606+1050118]
	Ordinal0 [0x002E047F+1049727]
	Ordinal0 [0x002EAF9B+1093531]
	Ordinal0 [0x002EB103+1093891]
	Ordinal0 [0x002EA095+1089685]
	BaseThreadInitThunk [0x77456359+25]
	RtlGetAppContainerNamedObjectPath [0x77597B74+228]
	RtlGetAppContainerNamedObjectPath [0x77597B44+180]
">
      <![CDATA[org.openqa.selenium.SessionNotCreatedException: session not created
from chrome not reachable
  (Session info: chrome=77.0.3865.90)
Build info: version: '3.10.0', revision: '176b4a9', time: '2018-03-02T19:03:16.397Z'
System info: host: 'DESKTOP-7UJB05T', ip: '192.168.146.1', os.name: 'Windows 10', os.arch: 'amd64', os.version: '10.0', java.version: '1.8.0_101'
Driver info: driver.version: ChromeDriver
remote stacktrace: Backtrace:
	Ordinal0 [0x0034EB13+1501971]
	Ordinal0 [0x002CF6D1+980689]
	Ordinal0 [0x00257508+488712]
	Ordinal0 [0x0025131A+463642]
	Ordinal0 [0x002519C8+465352]
	Ordinal0 [0x00252AA5+469669]
	Ordinal0 [0x0024EC85+453765]
	Ordinal0 [0x00258330+492336]
	Ordinal0 [0x0020A108+172296]
	Ordinal0 [0x0020942D+169005]
	Ordinal0 [0x002078EB+162027]
	Ordinal0 [0x001F0AC7+68295]
	Ordinal0 [0x001F1B40+72512]
	Ordinal0 [0x001F1AD9+72409]
	Ordinal0 [0x002E8F37+1085239]
	GetHandleVerifier [0x003ED7ED+503293]
	GetHandleVerifier [0x003ED580+502672]
	GetHandleVerifier [0x003F46AC+531644]
	GetHandleVerifier [0x003EDFFA+505354]
	Ordinal0 [0x002E0606+1050118]
	Ordinal0 [0x002E047F+1049727]
	Ordinal0 [0x002EAF9B+1093531]
	Ordinal0 [0x002EB103+1093891]
	Ordinal0 [0x002EA095+1089685]
	BaseThreadInitThunk [0x77456359+25]
	RtlGetAppContainerNamedObjectPath [0x77597B74+228]
	RtlGetAppContainerNamedObjectPath [0x77597B44+180]

	at sun.reflect.NativeConstructorAccessorImpl.newInstance0(Native Method)
	at sun.reflect.NativeConstructorAccessorImpl.newInstance(NativeConstructorAccessorImpl.java:62)
	at sun.reflect.DelegatingConstructorAccessorImpl.newInstance(DelegatingConstructorAccessorImpl.java:45)
	at java.lang.reflect.Constructor.newInstance(Constructor.java:423)
	at org.openqa.selenium.remote.W3CHandshakeResponse.lambda$new$0(W3CHandshakeResponse.java:57)
	at org.openqa.selenium.remote.W3CHandshakeResponse.lambda$getResponseFunction$2(W3CHandshakeResponse.java:104)
	at org.openqa.selenium.remote.ProtocolHandshake.lambda$createSession$0(ProtocolHandshake.java:123)
	at java.util.stream.ReferencePipeline$3$1.accept(ReferencePipeline.java:193)
	at java.util.Spliterators$ArraySpliterator.tryAdvance(Spliterators.java:958)
	at java.util.stream.ReferencePipeline.forEachWithCancel(ReferencePipeline.java:126)
	at java.util.stream.AbstractPipeline.copyIntoWithCancel(AbstractPipeline.java:498)
	at java.util.stream.AbstractPipeline.copyInto(AbstractPipeline.java:485)
	at java.util.stream.AbstractPipeline.wrapAndCopyInto(AbstractPipeline.java:471)
	at java.util.stream.FindOps$FindOp.evaluateSequential(FindOps.java:152)
	at java.util.stream.AbstractPipeline.evaluate(AbstractPipeline.java:234)
	at java.util.stream.ReferencePipeline.findFirst(ReferencePipeline.java:464)
	at org.openqa.selenium.remote.ProtocolHandshake.createSession(ProtocolHandshake.java:126)
	at org.openqa.selenium.remote.ProtocolHandshake.createSession(ProtocolHandshake.java:73)
	at org.openqa.selenium.remote.HttpCommandExecutor.execute(HttpCommandExecutor.java:138)
	at org.openqa.selenium.remote.service.DriverCommandExecutor.execute(DriverCommandExecutor.java:83)
	at org.openqa.selenium.remote.RemoteWebDriver.execute(RemoteWebDriver.java:601)
	at org.openqa.selenium.remote.RemoteWebDriver.startSession(RemoteWebDriver.java:219)
	at org.openqa.selenium.remote.RemoteWebDriver.<init>(RemoteWebDriver.java:142)
	at org.openqa.selenium.chrome.ChromeDriver.<init>(ChromeDriver.java:181)
	at org.openqa.selenium.chrome.ChromeDriver.<init>(ChromeDriver.java:168)
	at org.openqa.selenium.chrome.ChromeDriver.<init>(ChromeDriver.java:123)
	at seleniumframework_oct.LoginTest.setUp(LoginTest.java:17)
	at sun.reflect.NativeMethodAccessorImpl.invoke0(Native Method)
	at sun.reflect.NativeMethodAccessorImpl.invoke(NativeMethodAccessorImpl.java:62)
	at sun.reflect.DelegatingMethodAccessorImpl.invoke(DelegatingMethodAccessorImpl.java:43)
	at java.lang.reflect.Method.invoke(Method.java:498)
	at org.testng.internal.MethodInvocationHelper.invokeMethod(MethodInvocationHelper.java:80)
	at org.testng.internal.Invoker.invokeMethod(Invoker.java:691)
	at org.testng.internal.Invoker.invokeTestMethod(Invoker.java:883)
	at org.testng.internal.Invoker.invokeTestMethods(Invoker.java:1208)
	at org.testng.internal.TestMethodWorker.invokeTestMethods(TestMethodWorker.java:127)
	at org.testng.internal.TestMethodWorker.run(TestMethodWorker.java:111)
	at org.testng.TestRunner.privateRun(TestRunner.java:758)
	at org.testng.TestRunner.run(TestRunner.java:613)
	at org.testng.SuiteRunner.runTest(SuiteRunner.java:334)
	at org.testng.SuiteRunner.runSequentially(SuiteRunner.java:329)
	at org.testng.SuiteRunner.privateRun(SuiteRunner.java:291)
	at org.testng.SuiteRunner.run(SuiteRunner.java:240)
	at org.testng.SuiteRunnerWorker.runSuite(SuiteRunnerWorker.java:53)
	at org.testng.SuiteRunnerWorker.run(SuiteRunnerWorker.java:87)
	at org.testng.TestNG.runSuitesSequentially(TestNG.java:1137)
	at org.testng.TestNG.runSuitesLocally(TestNG.java:1062)
	at org.testng.TestNG.run(TestNG.java:974)
	at org.apache.maven.surefire.testng.TestNGExecutor.run(TestNGExecutor.java:178)
	at org.apache.maven.surefire.testng.TestNGXmlTestSuite.execute(TestNGXmlTestSuite.java:92)
	at org.apache.maven.surefire.testng.TestNGProvider.invoke(TestNGProvider.java:96)
	at sun.reflect.NativeMethodAccessorImpl.invoke0(Native Method)
	at sun.reflect.NativeMethodAccessorImpl.invoke(NativeMethodAccessorImpl.java:62)
	at sun.reflect.DelegatingMethodAccessorImpl.invoke(DelegatingMethodAccessorImpl.java:43)
	at java.lang.reflect.Method.invoke(Method.java:498)
	at org.apache.maven.surefire.util.ReflectionUtils.invokeMethodWithArray2(ReflectionUtils.java:208)
	at org.apache.maven.surefire.booter.ProviderFactory$ProviderProxy.invoke(ProviderFactory.java:159)
	at org.apache.maven.surefire.booter.ProviderFactory.invokeProvider(ProviderFactory.java:87)
	at org.apache.maven.surefire.booter.ForkedBooter.runSuitesInProcess(ForkedBooter.java:153)
	at org.apache.maven.surefire.booter.ForkedBooter.main(ForkedBooter.java:95)
]]>
    </failure>
  </testcase>
</testsuite>
